<!DOCTYPE html>

<html>
  <head>
  <meta charset='utf-8'>
  <title>TestNG reports</title>

    <link type="text/css" href="testng-reports.css" rel="stylesheet" />
    <script type="text/javascript" src="jquery-1.7.1.min.js"></script>
    <script type="text/javascript" src="testng-reports.js"></script>
    <script type="text/javascript" src="https://www.google.com/jsapi"></script>
    <script type='text/javascript'>
      google.load('visualization', '1', {packages:['table']});
      google.setOnLoadCallback(drawTable);
      var suiteTableInitFunctions = new Array();
      var suiteTableData = new Array();
    </script>
    <!--
      <script type="text/javascript" src="jquery-ui/js/jquery-ui-1.8.16.custom.min.js"></script>
     -->
  </head>

  <body>
    <div class="top-banner-root">
      <span class="top-banner-title-font">Test results</span>
      <br/>
      <span class="top-banner-font-1">1 suite, 3 failed tests</span>
    </div> <!-- top-banner-root -->
    <div class="navigator-root">
      <div class="navigator-suite-header">
        <span>All suites</span>
        <a href="#" class="collapse-all-link" title="Collapse/expand all the suites">
          <img class="collapse-all-icon" src="collapseall.gif">
          </img> <!-- collapse-all-icon -->
        </a> <!-- collapse-all-link -->
      </div> <!-- navigator-suite-header -->
      <div class="suite">
        <div class="rounded-window">
          <div class="suite-header light-rounded-window-top">
            <a href="#" class="navigator-link" panel-name="suite-TestNG_Suite">
              <span class="suite-name border-failed">TestNG Suite</span>
            </a> <!-- navigator-link -->
          </div> <!-- suite-header light-rounded-window-top -->
          <div class="navigator-suite-content">
            <div class="suite-section-title">
              <span>Info</span>
            </div> <!-- suite-section-title -->
            <div class="suite-section-content">
              <ul>
                <li>
                  <a href="#" class="navigator-link " panel-name="test-xml-TestNG_Suite">
                    <span>C:\Users\HARIHARAVIGNESHM\eclipse-workspace\Rutukanta\NewTAFUpdated\src\test\resources\test_suites\cucumber_web.xml</span>
                  </a> <!-- navigator-link  -->
                </li>
                <li>
                  <a href="#" class="navigator-link " panel-name="testlist-TestNG_Suite">
                    <span class="test-stats">1 test</span>
                  </a> <!-- navigator-link  -->
                </li>
                <li>
                  <a href="#" class="navigator-link " panel-name="group-TestNG_Suite">
                    <span>0 groups</span>
                  </a> <!-- navigator-link  -->
                </li>
                <li>
                  <a href="#" class="navigator-link " panel-name="times-TestNG_Suite">
                    <span>Times</span>
                  </a> <!-- navigator-link  -->
                </li>
                <li>
                  <a href="#" class="navigator-link " panel-name="reporter-TestNG_Suite">
                    <span>Reporter output</span>
                  </a> <!-- navigator-link  -->
                </li>
                <li>
                  <a href="#" class="navigator-link " panel-name="ignored-methods-TestNG_Suite">
                    <span>Ignored methods</span>
                  </a> <!-- navigator-link  -->
                </li>
                <li>
                  <a href="#" class="navigator-link " panel-name="chronological-TestNG_Suite">
                    <span>Chronological view</span>
                  </a> <!-- navigator-link  -->
                </li>
              </ul>
            </div> <!-- suite-section-content -->
            <div class="result-section">
              <div class="suite-section-title">
                <span>Results</span>
              </div> <!-- suite-section-title -->
              <div class="suite-section-content">
                <ul>
                  <li>
                    <span class="method-stats">3 methods, 3 failed,   </span>
                  </li>
                  <li>
                    <span class="method-list-title failed">Failed methods</span>
                    <span class="show-or-hide-methods failed">
                      <a href="#" panel-name="suite-TestNG_Suite" class="hide-methods failed suite-TestNG_Suite"> (hide)</a> <!-- hide-methods failed suite-TestNG_Suite -->
                      <a href="#" panel-name="suite-TestNG_Suite" class="show-methods failed suite-TestNG_Suite"> (show)</a> <!-- show-methods failed suite-TestNG_Suite -->
                    </span>
                    <div class="method-list-content failed suite-TestNG_Suite">
                      <span>
                        <img width="3%" src="failed.png"/>
                        <a href="#" class="method navigator-link" panel-name="suite-TestNG_Suite" title="com.CucumberRunner" hash-for-method="scenario(&quot;To do a fund transfer in ParasBank Site&quot;, &quot;Optional[ParasBank]&quot;)">scenario("To do a fund transfer in ParasBank Site", "Optional[ParasBank]")</a> <!-- method navigator-link -->
                      </span>
                      <br/>
                      <span>
                        <img width="3%" src="failed.png"/>
                        <a href="#" class="method navigator-link" panel-name="suite-TestNG_Suite" title="com.CucumberRunner" hash-for-method="scenario(&quot;To do a fund transfer in ParasBank Site&quot;, &quot;Optional[ParasBank]&quot;)">scenario("To do a fund transfer in ParasBank Site", "Optional[ParasBank]")</a> <!-- method navigator-link -->
                      </span>
                      <br/>
                      <span>
                        <img width="3%" src="failed.png"/>
                        <a href="#" class="method navigator-link" panel-name="suite-TestNG_Suite" title="com.CucumberRunner" hash-for-method="scenario(&quot;To do a fund transfer in ParasBank Site&quot;, &quot;Optional[ParasBank]&quot;)">scenario("To do a fund transfer in ParasBank Site", "Optional[ParasBank]")</a> <!-- method navigator-link -->
                      </span>
                      <br/>
                    </div> <!-- method-list-content failed suite-TestNG_Suite -->
                  </li>
                </ul>
              </div> <!-- suite-section-content -->
            </div> <!-- result-section -->
          </div> <!-- navigator-suite-content -->
        </div> <!-- rounded-window -->
      </div> <!-- suite -->
    </div> <!-- navigator-root -->
    <div class="wrapper">
      <div class="main-panel-root">
        <div panel-name="suite-TestNG_Suite" class="panel TestNG_Suite">
          <div class="suite-TestNG_Suite-class-failed">
            <div class="main-panel-header rounded-window-top">
              <img src="failed.png"/>
              <span class="class-name">com.CucumberRunner</span>
            </div> <!-- main-panel-header rounded-window-top -->
            <div class="main-panel-content rounded-window-bottom">
              <div class="method">
                <div class="method-content">
                  <a name="scenario(&quot;To do a fund transfer in ParasBank Site&quot;, &quot;Optional[ParasBank]&quot;)">
                  </a> <!-- scenario("To do a fund transfer in ParasBank Site", "Optional[ParasBank]") -->
                  <span class="method-name">scenario</span>
                  <span class="parameters">("To do a fund transfer in ParasBank Site", "Optional[ParasBank]")</span>
                  <div class="stack-trace">org.openqa.selenium.SessionNotCreatedException: session not created
from chrome not reachable
  (Session info: chrome=84.0.4147.105)
Build info: version: &apos;3.141.59&apos;, revision: &apos;e82be7d358&apos;, time: &apos;2018-11-14T08:17:03&apos;
System info: host: &apos;MAVBCP733&apos;, ip: &apos;192.168.1.117&apos;, os.name: &apos;Windows 10&apos;, os.arch: &apos;amd64&apos;, os.version: &apos;10.0&apos;, java.version: &apos;1.8.0_231&apos;
Driver info: driver.version: ChromeDriver
remote stacktrace: Backtrace:
	Ordinal0 [0x011E87E3+2852835]
	Ordinal0 [0x010D5BB1+1727409]
	Ordinal0 [0x00FAE362+516962]
	Ordinal0 [0x00FA7D82+490882]
	Ordinal0 [0x00FA846B+492651]
	Ordinal0 [0x00FA93C5+496581]
	Ordinal0 [0x00FA4D64+478564]
	Ordinal0 [0x00FAF300+520960]
	Ordinal0 [0x00F5E489+189577]
	Ordinal0 [0x00F5D7FD+186365]
	Ordinal0 [0x00F5B70B+177931]
	Ordinal0 [0x00F42584+75140]
	Ordinal0 [0x00F43650+79440]
	Ordinal0 [0x00F435E9+79337]
	Ordinal0 [0x010EAD5C+1813852]
	GetHandleVerifier [0x0130C616+1075574]
	GetHandleVerifier [0x0130C367+1074887]
	GetHandleVerifier [0x01317497+1120247]
	GetHandleVerifier [0x0130CC16+1077110]
	Ordinal0 [0x010E3206+1782278]
	Ordinal0 [0x010EC3BB+1819579]
	Ordinal0 [0x010EC523+1819939]
	Ordinal0 [0x01102B45+1911621]
	BaseThreadInitThunk [0x76B56359+25]
	RtlGetAppContainerNamedObjectPath [0x77B17C24+228]
	RtlGetAppContainerNamedObjectPath [0x77B17BF4+180]

	at org.openqa.selenium.remote.W3CHandshakeResponse.lambda$errorHandler$0(W3CHandshakeResponse.java:62)
	at org.openqa.selenium.remote.HandshakeResponse.lambda$getResponseFunction$0(HandshakeResponse.java:30)
	at org.openqa.selenium.remote.ProtocolHandshake.lambda$createSession$0(ProtocolHandshake.java:126)
	at java.util.stream.ReferencePipeline$3$1.accept(ReferencePipeline.java:193)
	at java.util.Spliterators$ArraySpliterator.tryAdvance(Spliterators.java:958)
	at java.util.stream.ReferencePipeline.forEachWithCancel(ReferencePipeline.java:126)
	at java.util.stream.AbstractPipeline.copyIntoWithCancel(AbstractPipeline.java:499)
	at java.util.stream.AbstractPipeline.copyInto(AbstractPipeline.java:486)
	at java.util.stream.AbstractPipeline.wrapAndCopyInto(AbstractPipeline.java:472)
	at java.util.stream.FindOps$FindOp.evaluateSequential(FindOps.java:152)
	at java.util.stream.AbstractPipeline.evaluate(AbstractPipeline.java:234)
	at java.util.stream.ReferencePipeline.findFirst(ReferencePipeline.java:464)
	at org.openqa.selenium.remote.ProtocolHandshake.createSession(ProtocolHandshake.java:128)
	at org.openqa.selenium.remote.ProtocolHandshake.createSession(ProtocolHandshake.java:74)
	at org.openqa.selenium.remote.HttpCommandExecutor.execute(HttpCommandExecutor.java:136)
	at org.openqa.selenium.remote.service.DriverCommandExecutor.execute(DriverCommandExecutor.java:83)
	at org.openqa.selenium.remote.RemoteWebDriver.execute(RemoteWebDriver.java:552)
	at org.openqa.selenium.remote.RemoteWebDriver.startSession(RemoteWebDriver.java:213)
	at org.openqa.selenium.remote.RemoteWebDriver.&lt;init&gt;(RemoteWebDriver.java:131)
	at org.openqa.selenium.chrome.ChromeDriver.&lt;init&gt;(ChromeDriver.java:181)
	at org.openqa.selenium.chrome.ChromeDriver.&lt;init&gt;(ChromeDriver.java:168)
	at org.openqa.selenium.chrome.ChromeDriver.&lt;init&gt;(ChromeDriver.java:157)
	at com.maveric.core.driver.DriverFactory.getChromeDriver(DriverFactory.java:120)
	at com.maveric.core.driver.DriverFactory.createDriver(DriverFactory.java:64)
	at com.maveric.core.driver.DriverFactory.driverSetup(DriverFactory.java:54)
	at com.maveric.core.testng.listeners.DriverListener.beforeInvocation(DriverListener.java:31)
	at java.util.concurrent.ThreadPoolExecutor.runWorker(ThreadPoolExecutor.java:1149)
	at java.util.concurrent.ThreadPoolExecutor$Worker.run(ThreadPoolExecutor.java:624)
	at java.lang.Thread.run(Thread.java:748)
... Removed 12 stack frames
</div> <!-- stack-trace -->
                </div> <!-- method-content -->
              </div> <!-- method -->
              <div class="method">
                <div class="method-content">
                  <a name="scenario(&quot;To do a fund transfer in ParasBank Site&quot;, &quot;Optional[ParasBank]&quot;)">
                  </a> <!-- scenario("To do a fund transfer in ParasBank Site", "Optional[ParasBank]") -->
                  <span class="method-name">scenario</span>
                  <span class="parameters">("To do a fund transfer in ParasBank Site", "Optional[ParasBank]")</span>
                  <div class="stack-trace">org.openqa.selenium.NoSuchWindowException: no such window: target window already closed
from unknown error: web view not found
  (Session info: chrome=84.0.4147.105)
Build info: version: &apos;3.141.59&apos;, revision: &apos;e82be7d358&apos;, time: &apos;2018-11-14T08:17:03&apos;
System info: host: &apos;MAVBCP733&apos;, ip: &apos;192.168.1.117&apos;, os.name: &apos;Windows 10&apos;, os.arch: &apos;amd64&apos;, os.version: &apos;10.0&apos;, java.version: &apos;1.8.0_231&apos;
Driver info: org.openqa.selenium.chrome.ChromeDriver
Capabilities {acceptInsecureCerts: false, browserName: chrome, browserVersion: 84.0.4147.105, chrome: {chromedriverVersion: 84.0.4147.30 (48b3e868b4cc0..., userDataDir: C:\Users\HARIHA~1\AppData\L...}, goog:chromeOptions: {debuggerAddress: localhost:51825}, javascriptEnabled: true, networkConnectionEnabled: false, pageLoadStrategy: normal, platform: WINDOWS, platformName: WINDOWS, proxy: Proxy(), setWindowRect: true, strictFileInteractability: false, timeouts: {implicit: 0, pageLoad: 300000, script: 30000}, unhandledPromptBehavior: dismiss and notify, webauthn:virtualAuthenticators: true}
Session ID: cbc6be4d0cfcc6bbe43c49d7c79a03ed
	at org.openqa.selenium.remote.http.W3CHttpResponseCodec.createException(W3CHttpResponseCodec.java:187)
	at org.openqa.selenium.remote.http.W3CHttpResponseCodec.decode(W3CHttpResponseCodec.java:122)
	at org.openqa.selenium.remote.http.W3CHttpResponseCodec.decode(W3CHttpResponseCodec.java:49)
	at org.openqa.selenium.remote.HttpCommandExecutor.execute(HttpCommandExecutor.java:158)
	at org.openqa.selenium.remote.service.DriverCommandExecutor.execute(DriverCommandExecutor.java:83)
	at org.openqa.selenium.remote.RemoteWebDriver.execute(RemoteWebDriver.java:552)
	at org.openqa.selenium.remote.RemoteWebDriver.execute(RemoteWebDriver.java:609)
	at org.openqa.selenium.remote.RemoteWebDriver$RemoteWebDriverOptions$RemoteWindow.maximize(RemoteWebDriver.java:837)
	at com.internetapp.pages.ParasBankBDD.I_Launch_the_parasBank_Site(ParasBankBDD.java:107)
	at ✽.I Launch the parasBank Site(file:///C:/Users/HARIHARAVIGNESHM/eclipse-workspace/Rutukanta/NewTAFUpdated/./src/test/resources/features/ParasBank.feature:25)
... Removed 4 stack frames
</div> <!-- stack-trace -->
                </div> <!-- method-content -->
              </div> <!-- method -->
              <div class="method">
                <div class="method-content">
                  <a name="scenario(&quot;To do a fund transfer in ParasBank Site&quot;, &quot;Optional[ParasBank]&quot;)">
                  </a> <!-- scenario("To do a fund transfer in ParasBank Site", "Optional[ParasBank]") -->
                  <span class="method-name">scenario</span>
                  <span class="parameters">("To do a fund transfer in ParasBank Site", "Optional[ParasBank]")</span>
                  <div class="stack-trace">org.openqa.selenium.NoSuchElementException: no such element: Unable to locate element: {&quot;method&quot;:&quot;xpath&quot;,&quot;selector&quot;:&quot;//input[@class=&apos;button&apos;]&quot;}
  (Session info: chrome=84.0.4147.105)
For documentation on this error, please visit: https://www.seleniumhq.org/exceptions/no_such_element.html
Build info: version: &apos;3.141.59&apos;, revision: &apos;e82be7d358&apos;, time: &apos;2018-11-14T08:17:03&apos;
System info: host: &apos;MAVBCP733&apos;, ip: &apos;192.168.1.117&apos;, os.name: &apos;Windows 10&apos;, os.arch: &apos;amd64&apos;, os.version: &apos;10.0&apos;, java.version: &apos;1.8.0_231&apos;
Driver info: org.openqa.selenium.chrome.ChromeDriver
Capabilities {acceptInsecureCerts: false, browserName: chrome, browserVersion: 84.0.4147.105, chrome: {chromedriverVersion: 84.0.4147.30 (48b3e868b4cc0..., userDataDir: C:\Users\HARIHA~1\AppData\L...}, goog:chromeOptions: {debuggerAddress: localhost:51804}, javascriptEnabled: true, networkConnectionEnabled: false, pageLoadStrategy: normal, platform: WINDOWS, platformName: WINDOWS, proxy: Proxy(), setWindowRect: true, strictFileInteractability: false, timeouts: {implicit: 0, pageLoad: 300000, script: 30000}, unhandledPromptBehavior: dismiss and notify, webauthn:virtualAuthenticators: true}
Session ID: 4deb66791baf0298e6853b9fb4896aa3
*** Element info: {Using=xpath, value=//input[@class=&apos;button&apos;]}
	at org.openqa.selenium.remote.http.W3CHttpResponseCodec.createException(W3CHttpResponseCodec.java:187)
	at org.openqa.selenium.remote.http.W3CHttpResponseCodec.decode(W3CHttpResponseCodec.java:122)
	at org.openqa.selenium.remote.http.W3CHttpResponseCodec.decode(W3CHttpResponseCodec.java:49)
	at org.openqa.selenium.remote.HttpCommandExecutor.execute(HttpCommandExecutor.java:158)
	at org.openqa.selenium.remote.service.DriverCommandExecutor.execute(DriverCommandExecutor.java:83)
	at org.openqa.selenium.remote.RemoteWebDriver.execute(RemoteWebDriver.java:552)
	at org.openqa.selenium.remote.RemoteWebDriver.findElement(RemoteWebDriver.java:323)
	at org.openqa.selenium.remote.RemoteWebDriver.findElementByXPath(RemoteWebDriver.java:428)
	at org.openqa.selenium.By$ByXPath.findElement(By.java:353)
	at org.openqa.selenium.remote.RemoteWebDriver.findElement(RemoteWebDriver.java:315)
	at com.internetapp.pages.ParasBankBDD.I_Select_the_Account_Type(ParasBankBDD.java:230)
	at ✽.I Select the Account Type &quot;SAVINGS&quot; and Click Open new accountButton(file:///C:/Users/HARIHARAVIGNESHM/eclipse-workspace/Rutukanta/NewTAFUpdated/./src/test/resources/features/ParasBank.feature:28)
... Removed 4 stack frames
</div> <!-- stack-trace -->
                </div> <!-- method-content -->
              </div> <!-- method -->
            </div> <!-- main-panel-content rounded-window-bottom -->
          </div> <!-- suite-TestNG_Suite-class-failed -->
        </div> <!-- panel TestNG_Suite -->
        <div panel-name="test-xml-TestNG_Suite" class="panel">
          <div class="main-panel-header rounded-window-top">
            <span class="header-content">C:\Users\HARIHARAVIGNESHM\eclipse-workspace\Rutukanta\NewTAFUpdated\src\test\resources\test_suites\cucumber_web.xml</span>
          </div> <!-- main-panel-header rounded-window-top -->
          <div class="main-panel-content rounded-window-bottom">
            <pre>
&lt;?xml version=&quot;1.0&quot; encoding=&quot;UTF-8&quot;?&gt;
&lt;!DOCTYPE suite SYSTEM &quot;http://testng.org/testng-1.0.dtd&quot;&gt;
&lt;suite thread-count=&quot;1&quot; guice-stage=&quot;DEVELOPMENT&quot; verbose=&quot;0&quot; name=&quot;TestNG Suite&quot; parallel=&quot;methods&quot;&gt;
  &lt;test name=&quot;TestNG Test1&quot;&gt;
    &lt;classes&gt;
      &lt;class name=&quot;com.CucumberRunner&quot;/&gt;
    &lt;/classes&gt;
  &lt;/test&gt; &lt;!-- TestNG Test1 --&gt;
&lt;/suite&gt; &lt;!-- TestNG Suite --&gt;
            </pre>
          </div> <!-- main-panel-content rounded-window-bottom -->
        </div> <!-- panel -->
        <div panel-name="testlist-TestNG_Suite" class="panel">
          <div class="main-panel-header rounded-window-top">
            <span class="header-content">Tests for TestNG Suite</span>
          </div> <!-- main-panel-header rounded-window-top -->
          <div class="main-panel-content rounded-window-bottom">
            <ul>
              <li>
                <span class="test-name">TestNG Test1 (1 class)</span>
              </li>
            </ul>
          </div> <!-- main-panel-content rounded-window-bottom -->
        </div> <!-- panel -->
        <div panel-name="group-TestNG_Suite" class="panel">
          <div class="main-panel-header rounded-window-top">
            <span class="header-content">Groups for TestNG Suite</span>
          </div> <!-- main-panel-header rounded-window-top -->
          <div class="main-panel-content rounded-window-bottom">
          </div> <!-- main-panel-content rounded-window-bottom -->
        </div> <!-- panel -->
        <div panel-name="times-TestNG_Suite" class="panel">
          <div class="main-panel-header rounded-window-top">
            <span class="header-content">Times for TestNG Suite</span>
          </div> <!-- main-panel-header rounded-window-top -->
          <div class="main-panel-content rounded-window-bottom">
            <div class="times-div">
              <script type="text/javascript">
suiteTableInitFunctions.push('tableData_TestNG_Suite');
function tableData_TestNG_Suite() {
var data = new google.visualization.DataTable();
data.addColumn('number', 'Number');
data.addColumn('string', 'Method');
data.addColumn('string', 'Class');
data.addColumn('number', 'Time (ms)');
data.addRows(3);
data.setCell(0, 0, 0)
data.setCell(0, 1, 'scenario')
data.setCell(0, 2, 'com.CucumberRunner')
data.setCell(0, 3, 41910);
data.setCell(1, 0, 1)
data.setCell(1, 1, 'scenario')
data.setCell(1, 2, 'com.CucumberRunner')
data.setCell(1, 3, 9059);
data.setCell(2, 0, 2)
data.setCell(2, 1, 'scenario')
data.setCell(2, 2, 'com.CucumberRunner')
data.setCell(2, 3, 7845);
window.suiteTableData['TestNG_Suite']= { tableData: data, tableDiv: 'times-div-TestNG_Suite'}
return data;
}
              </script>
              <span class="suite-total-time">Total running time: 58 seconds</span>
              <div id="times-div-TestNG_Suite">
              </div> <!-- times-div-TestNG_Suite -->
            </div> <!-- times-div -->
          </div> <!-- main-panel-content rounded-window-bottom -->
        </div> <!-- panel -->
        <div panel-name="reporter-TestNG_Suite" class="panel">
          <div class="main-panel-header rounded-window-top">
            <span class="header-content">Reporter output for TestNG Suite</span>
          </div> <!-- main-panel-header rounded-window-top -->
          <div class="main-panel-content rounded-window-bottom">
          </div> <!-- main-panel-content rounded-window-bottom -->
        </div> <!-- panel -->
        <div panel-name="ignored-methods-TestNG_Suite" class="panel">
          <div class="main-panel-header rounded-window-top">
            <span class="header-content">0 ignored methods</span>
          </div> <!-- main-panel-header rounded-window-top -->
          <div class="main-panel-content rounded-window-bottom">
          </div> <!-- main-panel-content rounded-window-bottom -->
        </div> <!-- panel -->
        <div panel-name="chronological-TestNG_Suite" class="panel">
          <div class="main-panel-header rounded-window-top">
            <span class="header-content">Methods in chronological order</span>
          </div> <!-- main-panel-header rounded-window-top -->
          <div class="main-panel-content rounded-window-bottom">
            <div class="chronological-class">
              <div class="chronological-class-name">com.CucumberRunner</div> <!-- chronological-class-name -->
              <div class="configuration-class before">
                <span class="method-name">setUpClass</span>
                <span class="method-start">0 ms</span>
              </div> <!-- configuration-class before -->
              <div class="configuration-method before">
                <span class="method-name">setTestName(public void com.maveric.core.cucumber.CucumberBaseTest.scenario(io.cucumber.testng.PickleWrapper,io....)</span>
                <span class="method-start">390 ms</span>
              </div> <!-- configuration-method before -->
              <div class="test-method">
                <img src="failed.png">
                </img>
                <span class="method-name">scenario("To do a fund transfer in ParasBank Site", "Optional[ParasBank]")</span>
                <span class="method-start">393 ms</span>
              </div> <!-- test-method -->
              <div class="configuration-method after">
                <span class="method-name">afterMethod([TestResult name=To do a fund transfer in ParasBank Site status=FAILURE method=CucumberBaseTest.scen...)</span>
                <span class="method-start">43317 ms</span>
              </div> <!-- configuration-method after -->
              <div class="configuration-method before">
                <span class="method-name">setTestName(public void com.maveric.core.cucumber.CucumberBaseTest.scenario(io.cucumber.testng.PickleWrapper,io....)</span>
                <span class="method-start">43318 ms</span>
              </div> <!-- configuration-method before -->
              <div class="test-method">
                <img src="failed.png">
                </img>
                <span class="method-name">scenario("To do a fund transfer in ParasBank Site", "Optional[ParasBank]")</span>
                <span class="method-start">43318 ms</span>
              </div> <!-- test-method -->
              <div class="configuration-method after">
                <span class="method-name">afterMethod([TestResult name=To do a fund transfer in ParasBank Site status=FAILURE method=CucumberBaseTest.scen...)</span>
                <span class="method-start">53097 ms</span>
              </div> <!-- configuration-method after -->
              <div class="configuration-method before">
                <span class="method-name">setTestName(public void com.maveric.core.cucumber.CucumberBaseTest.scenario(io.cucumber.testng.PickleWrapper,io....)</span>
                <span class="method-start">53102 ms</span>
              </div> <!-- configuration-method before -->
              <div class="test-method">
                <img src="failed.png">
                </img>
                <span class="method-name">scenario("To do a fund transfer in ParasBank Site", "Optional[ParasBank]")</span>
                <span class="method-start">53108 ms</span>
              </div> <!-- test-method -->
              <div class="configuration-method after">
                <span class="method-name">afterMethod([TestResult name=To do a fund transfer in ParasBank Site status=FAILURE method=CucumberBaseTest.scen...)</span>
                <span class="method-start">60956 ms</span>
              </div> <!-- configuration-method after -->
              <div class="configuration-class after">
                <span class="method-name">tearDownClass</span>
                <span class="method-start">60958 ms</span>
              </div> <!-- configuration-class after -->
          </div> <!-- main-panel-content rounded-window-bottom -->
        </div> <!-- panel -->
      </div> <!-- main-panel-root -->
    </div> <!-- wrapper -->
  </body>
</html>
